<?xml version="1.0" encoding="UTF-8"?>
<!-- Generated by org.testng.reporters.JUnitReportReporter -->
<testsuite skipped="0" hostname="DESKTOP-KODMJHE" name="MultiClassesReport.Multiplereports.OpenCategory" tests="5" failures="0" timestamp="11 Nov 2018 14:02:02 GMT" time="115.620" errors="0">
  <testcase name="Open_category_drawer" time="0.149" classname="MultiClassesReport.Multiplereports.OpenCategory"/>
  <testcase name="Open_CategoryOne" time="2.976" classname="MultiClassesReport.Multiplereports.OpenCategory"/>
  <testcase name="First_Category_Stories_Open" time="52.400" classname="MultiClassesReport.Multiplereports.OpenCategory"/>
  <testcase name="Open_CategoryTwo" time="3.387" classname="MultiClassesReport.Multiplereports.OpenCategory"/>
  <testcase name="Second_Category_Stories_Open" time="56.708" classname="MultiClassesReport.Multiplereports.OpenCategory"/>
</testsuite> <!-- MultiClassesReport.Multiplereports.OpenCategory -->
